<?xml version="1.0" encoding="UTF-8"?>
<testng-results ignored="0" total="1" passed="1" failed="0" skipped="0">
  <reporter-output>
  </reporter-output>
  <suite started-at="2021-02-09T01:34:43 IST" name="API.RunCucumberTest" finished-at="2021-02-09T01:34:43 IST" duration-ms="673">
    <groups>
      <group name="cucumber">
        <method signature="AbstractTestNGCucumberTests.runScenario(io.cucumber.testng.PickleWrapper, io.cucumber.testng.FeatureWrapper)[pri:0, instance:API.RunCucumberTest@5c33f1a9]" name="runScenario" class="io.cucumber.testng.AbstractTestNGCucumberTests"/>
      </group> <!-- cucumber -->
    </groups>
    <test started-at="2021-02-09T01:34:43 IST" name="Command line test" finished-at="2021-02-09T01:34:43 IST" duration-ms="673">
      <class name="API.RunCucumberTest">
        <test-method is-config="true" signature="setUpClass()[pri:0, instance:API.RunCucumberTest@5c33f1a9]" started-at="2021-02-09T01:34:43 IST" name="setUpClass" finished-at="2021-02-09T01:34:43 IST" duration-ms="364" status="PASS">
          <reporter-output>
          </reporter-output>
        </test-method> <!-- setUpClass -->
        <test-method signature="runScenario(io.cucumber.testng.PickleWrapper, io.cucumber.testng.FeatureWrapper)[pri:0, instance:API.RunCucumberTest@5c33f1a9]" started-at="2021-02-09T01:34:43 IST" name="runScenario" description="Runs Cucumber Scenarios" data-provider="scenarios" finished-at="2021-02-09T01:34:43 IST" duration-ms="245" status="PASS">
          <params>
            <param index="0">
              <value>
                <![CDATA["Sunday isn't Friday"]]>
              </value>
            </param>
            <param index="1">
              <value>
                <![CDATA["Optional[Is it Friday yet?]"]]>
              </value>
            </param>
          </params>
          <reporter-output>
          </reporter-output>
        </test-method> <!-- runScenario -->
        <test-method is-config="true" signature="tearDownClass()[pri:0, instance:API.RunCucumberTest@5c33f1a9]" started-at="2021-02-09T01:34:43 IST" name="tearDownClass" finished-at="2021-02-09T01:34:43 IST" duration-ms="17" status="PASS">
          <reporter-output>
          </reporter-output>
        </test-method> <!-- tearDownClass -->
      </class> <!-- API.RunCucumberTest -->
    </test> <!-- Command line test -->
  </suite> <!-- API.RunCucumberTest -->
</testng-results>
